{"name":"trade-processor","hostname":"Yekkanti-2.local","pid":36530,"level":30,"msg":"Got request to save a trade","time":"2015-02-14T09:16:27.988Z","v":0}
{"name":"trade-processor","hostname":"Yekkanti-2.local","pid":36530,"level":30,"msg":"request for saving  { userId: '123456',\n  currencyFrom: 'EUR',\n  currencyTo: 'INR',\n  amountSell: 1000,\n  amountBuy: 747.1,\n  rate: 0.7471,\n  timePlaced: '14-FEB-15 10:27:44',\n  originatingCountry: 'IN' }","time":"2015-02-14T09:16:27.991Z","v":0}
{"name":"trade-processor","hostname":"Yekkanti-2.local","pid":36530,"level":30,"msg":"Trying to fetch es client for undefined","time":"2015-02-14T09:16:27.992Z","v":0}
{"name":"trade-processor","hostname":"Yekkanti-2.local","pid":36530,"level":30,"msg":"inserted trade hash  { userId: '123456',\n  currencyFrom: 'EUR',\n  currencyTo: 'INR',\n  amountSell: 1000,\n  amountBuy: 747.1,\n  rate: 0.7471,\n  timePlaced: '14-FEB-15 10:27:44',\n  originatingCountry: 'IN' }","time":"2015-02-14T09:16:28.026Z","v":0}
{"name":"trade-processor","hostname":"Yekkanti-2.local","pid":36530,"level":30,"msg":"Got request to save a trade","time":"2015-02-14T09:17:04.862Z","v":0}
{"name":"trade-processor","hostname":"Yekkanti-2.local","pid":36530,"level":30,"msg":"request for saving  { userId: '123456',\n  currencyFrom: 'GBP',\n  currencyTo: 'INR',\n  amountSell: 100,\n  amountBuy: 47.1,\n  rate: 0.71,\n  timePlaced: '11-FEB-15 10:27:44',\n  originatingCountry: 'NET' }","time":"2015-02-14T09:17:04.863Z","v":0}
{"name":"trade-processor","hostname":"Yekkanti-2.local","pid":36530,"level":30,"msg":"Trying to fetch es client for undefined","time":"2015-02-14T09:17:04.863Z","v":0}
{"name":"trade-processor","hostname":"Yekkanti-2.local","pid":36530,"level":30,"msg":"inserted trade hash  { userId: '123456',\n  currencyFrom: 'GBP',\n  currencyTo: 'INR',\n  amountSell: 100,\n  amountBuy: 47.1,\n  rate: 0.71,\n  timePlaced: '11-FEB-15 10:27:44',\n  originatingCountry: 'NET' }","time":"2015-02-14T09:17:04.869Z","v":0}
{"name":"trade-processor","hostname":"Yekkanti-2.local","pid":36530,"level":30,"msg":"Got request to save a trade","time":"2015-02-14T09:20:50.624Z","v":0}
{"name":"trade-processor","hostname":"Yekkanti-2.local","pid":36530,"level":30,"msg":"request for saving  { userId: '123456',\n  currencyFrom: 'RIA',\n  currencyTo: 'INR',\n  amountSell: 100,\n  amountBuy: 47.1,\n  rate: 0.71,\n  timePlaced: '11-FEB-15 10:27:44',\n  originatingCountry: 'NET' }","time":"2015-02-14T09:20:50.625Z","v":0}
{"name":"trade-processor","hostname":"Yekkanti-2.local","pid":36530,"level":30,"msg":"Trying to fetch es client for undefined","time":"2015-02-14T09:20:50.626Z","v":0}
{"name":"trade-processor","hostname":"Yekkanti-2.local","pid":36530,"level":30,"msg":"inserted trade hash  { userId: '123456',\n  currencyFrom: 'RIA',\n  currencyTo: 'INR',\n  amountSell: 100,\n  amountBuy: 47.1,\n  rate: 0.71,\n  timePlaced: '11-FEB-15 10:27:44',\n  originatingCountry: 'NET' }","time":"2015-02-14T09:20:50.637Z","v":0}
{"name":"trade-processor","hostname":"Yekkanti-2.local","pid":36890,"level":30,"msg":"Trying to fetch es client for undefined","time":"2015-02-14T09:38:34.135Z","v":0}
{"name":"trade-processor","hostname":"Yekkanti-2.local","pid":36944,"level":30,"msg":"Trying to fetch es client for undefined","time":"2015-02-14T09:39:32.845Z","v":0}
{"name":"trade-processor","hostname":"Yekkanti-2.local","pid":37142,"level":30,"msg":"Trying to fetch es client for undefined","time":"2015-02-14T09:40:50.592Z","v":0}
{"name":"trade-processor","hostname":"Yekkanti-2.local","pid":37183,"level":30,"msg":"Trying to fetch es client for undefined","time":"2015-02-14T09:41:20.782Z","v":0}
{"name":"trade-processor","hostname":"Yekkanti-2.local","pid":37221,"level":30,"msg":"Trying to fetch es client for undefined","time":"2015-02-14T09:41:51.934Z","v":0}
{"name":"trade-processor","hostname":"Yekkanti-2.local","pid":37278,"level":30,"msg":"Trying to fetch es client for undefined","time":"2015-02-14T09:42:42.601Z","v":0}
{"name":"trade-processor","hostname":"Yekkanti-2.local","pid":37301,"level":30,"msg":"Trying to fetch es client for undefined","time":"2015-02-14T09:43:00.639Z","v":0}
{"name":"trade-processor","hostname":"Yekkanti-2.local","pid":37351,"level":30,"msg":"Trying to fetch es client for undefined","time":"2015-02-14T09:43:29.511Z","v":0}
{"name":"trade-processor","hostname":"Yekkanti-2.local","pid":37486,"level":30,"msg":"Trying to fetch es client for undefined","time":"2015-02-14T09:45:12.686Z","v":0}
{"name":"trade-processor","hostname":"Yekkanti-2.local","pid":37524,"level":30,"msg":"Trying to fetch es client for undefined","time":"2015-02-14T09:45:37.873Z","v":0}
{"name":"trade-processor","hostname":"Yekkanti-2.local","pid":37551,"level":30,"msg":"Trying to fetch es client for undefined","time":"2015-02-14T09:45:51.375Z","v":0}
{"name":"trade-processor","hostname":"Yekkanti-2.local","pid":37581,"level":30,"msg":"Trying to fetch es client for undefined","time":"2015-02-14T09:46:07.730Z","v":0}
{"name":"trade-processor","hostname":"Yekkanti-2.local","pid":37616,"level":30,"msg":"Trying to fetch es client for undefined","time":"2015-02-14T09:46:23.994Z","v":0}
{"name":"trade-processor","hostname":"Yekkanti-2.local","pid":37607,"level":30,"msg":"Trying to fetch es client for undefined","time":"2015-02-14T09:50:24.579Z","v":0}
{"name":"trade-processor","hostname":"Yekkanti-2.local","pid":38284,"level":30,"msg":"Trying to fetch es client for undefined","time":"2015-02-14T09:57:09.927Z","v":0}
{"name":"trade-processor","hostname":"Yekkanti-2.local","pid":38320,"level":30,"msg":"Trying to fetch es client for undefined","time":"2015-02-14T09:57:37.908Z","v":0}
{"name":"trade-processor","hostname":"Yekkanti-2.local","pid":38358,"level":30,"msg":"Trying to fetch es client for undefined","time":"2015-02-14T09:58:09.983Z","v":0}
{"name":"trade-processor","hostname":"Yekkanti-2.local","pid":38437,"level":30,"msg":"Trying to fetch es client for undefined","time":"2015-02-14T09:59:21.041Z","v":0}
{"name":"trade-processor","hostname":"Yekkanti-2.local","pid":38523,"level":30,"msg":"Trying to fetch es client for undefined","time":"2015-02-14T10:01:16.729Z","v":0}
{"name":"trade-processor","hostname":"Yekkanti-2.local","pid":40506,"level":30,"msg":"Trying to fetch es client for undefined","time":"2015-02-14T10:59:15.371Z","v":0}
{"name":"trade-processor","hostname":"Yekkanti-2.local","pid":42571,"level":30,"msg":"Trying to fetch es client for undefined","time":"2015-02-14T11:29:29.839Z","v":0}
{"name":"trade-processor","hostname":"Yekkanti-2.local","pid":42612,"level":30,"msg":"Trying to fetch es client for undefined","time":"2015-02-14T11:29:58.324Z","v":0}
{"name":"trade-processor","hostname":"Yekkanti-2.local","pid":42642,"level":30,"msg":"Trying to fetch es client for undefined","time":"2015-02-14T11:30:15.666Z","v":0}
{"name":"trade-processor","hostname":"Yekkanti-2.local","pid":42677,"level":30,"msg":"Trying to fetch es client for undefined","time":"2015-02-14T11:30:44.128Z","v":0}
{"name":"trade-processor","hostname":"Yekkanti-2.local","pid":42715,"level":30,"msg":"Trying to fetch es client for undefined","time":"2015-02-14T11:31:14.637Z","v":0}
{"name":"trade-processor","hostname":"Yekkanti-2.local","pid":42746,"level":30,"msg":"Trying to fetch es client for undefined","time":"2015-02-14T11:31:37.559Z","v":0}
{"name":"trade-processor","hostname":"Yekkanti-2.local","pid":42801,"level":30,"msg":"Trying to fetch es client for undefined","time":"2015-02-14T11:32:17.441Z","v":0}
{"name":"trade-processor","hostname":"Yekkanti-2.local","pid":42836,"level":30,"msg":"Trying to fetch es client for undefined","time":"2015-02-14T11:32:44.456Z","v":0}
{"name":"trade-processor","hostname":"Yekkanti-2.local","pid":42836,"level":30,"msg":"Trying to fetch es client for undefined","time":"2015-02-14T11:32:56.604Z","v":0}
{"name":"trade-processor","hostname":"Yekkanti-2.local","pid":42836,"level":30,"msg":"Trying to fetch es client for undefined","time":"2015-02-14T11:33:49.412Z","v":0}
{"name":"trade-processor","hostname":"Yekkanti-2.local","pid":42935,"level":30,"msg":"Trying to fetch es client for undefined","time":"2015-02-14T11:34:10.492Z","v":0}
{"name":"trade-processor","hostname":"Yekkanti-2.local","pid":42935,"level":30,"msg":"Trying to fetch es client for undefined","time":"2015-02-14T11:34:12.613Z","v":0}
{"name":"trade-processor","hostname":"Yekkanti-2.local","pid":42935,"level":30,"msg":"Trying to fetch es client for undefined","time":"2015-02-14T11:34:13.738Z","v":0}
{"name":"trade-processor","hostname":"Yekkanti-2.local","pid":42971,"level":30,"msg":"Trying to fetch es client for undefined","time":"2015-02-14T11:34:37.226Z","v":0}
{"name":"trade-processor","hostname":"Yekkanti-2.local","pid":42971,"level":30,"msg":"Trying to fetch es client for undefined","time":"2015-02-14T11:35:44.872Z","v":0}
{"name":"trade-processor","hostname":"Yekkanti-2.local","pid":43104,"level":30,"msg":"Trying to fetch es client for undefined","time":"2015-02-14T11:36:36.077Z","v":0}
{"name":"trade-processor","hostname":"Yekkanti-2.local","pid":43524,"level":30,"msg":"Trying to fetch es client for undefined","time":"2015-02-14T11:42:46.175Z","v":0}
{"name":"trade-processor","hostname":"Yekkanti-2.local","pid":43720,"level":30,"msg":"Trying to fetch es client for undefined","time":"2015-02-14T11:45:48.893Z","v":0}
{"name":"trade-processor","hostname":"Yekkanti-2.local","pid":45462,"level":30,"msg":"Trying to fetch es client for undefined","time":"2015-02-14T12:12:53.201Z","v":0}
{"name":"trade-processor","hostname":"Yekkanti-2.local","pid":45462,"level":30,"msg":"Got request to save a trade","time":"2015-02-14T12:13:24.275Z","v":0}
{"name":"trade-processor","hostname":"Yekkanti-2.local","pid":45462,"level":30,"msg":"request for saving  { userId: '123456',\n  currencyFrom: 'EUR',\n  currencyTo: 'INR',\n  amountSell: 1000,\n  amountBuy: 747.1,\n  rate: 0.7471,\n  timePlaced: '14-FEB-15 10:27:44',\n  originatingCountry: 'IN' }","time":"2015-02-14T12:13:24.276Z","v":0}
{"name":"trade-processor","hostname":"Yekkanti-2.local","pid":45462,"level":30,"msg":"Trying to fetch es client for undefined","time":"2015-02-14T12:13:24.283Z","v":0}
{"name":"trade-processor","hostname":"Yekkanti-2.local","pid":45462,"level":30,"msg":"inserted trade hash  { userId: '123456',\n  currencyFrom: 'EUR',\n  currencyTo: 'INR',\n  amountSell: 1000,\n  amountBuy: 747.1,\n  rate: 0.7471,\n  timePlaced: '14-FEB-15 10:27:44',\n  originatingCountry: 'IN',\n  createdAt: '20150214102744' }","time":"2015-02-14T12:13:24.305Z","v":0}
{"name":"trade-processor","hostname":"Yekkanti-2.local","pid":45462,"level":30,"msg":"Got request to save a trade","time":"2015-02-14T12:15:05.533Z","v":0}
{"name":"trade-processor","hostname":"Yekkanti-2.local","pid":45462,"level":30,"msg":"request for saving  { userId: '123456',\n  currencyFrom: 'EUR',\n  currencyTo: 'INR',\n  amountSell: 1000,\n  amountBuy: 747.1,\n  rate: 0.7471,\n  timePlaced: '20-FEB-15 10:27:44',\n  originatingCountry: 'IN' }","time":"2015-02-14T12:15:05.534Z","v":0}
{"name":"trade-processor","hostname":"Yekkanti-2.local","pid":45462,"level":30,"msg":"Trying to fetch es client for undefined","time":"2015-02-14T12:15:05.537Z","v":0}
{"name":"trade-processor","hostname":"Yekkanti-2.local","pid":45462,"level":30,"msg":"inserted trade hash  { userId: '123456',\n  currencyFrom: 'EUR',\n  currencyTo: 'INR',\n  amountSell: 1000,\n  amountBuy: 747.1,\n  rate: 0.7471,\n  timePlaced: '20-FEB-15 10:27:44',\n  originatingCountry: 'IN',\n  createdAt: '20150220102744' }","time":"2015-02-14T12:15:05.550Z","v":0}
{"name":"trade-processor","hostname":"Yekkanti-2.local","pid":45462,"level":30,"msg":"Got request to save a trade","time":"2015-02-14T12:15:13.571Z","v":0}
{"name":"trade-processor","hostname":"Yekkanti-2.local","pid":45462,"level":30,"msg":"request for saving  { userId: '123456',\n  currencyFrom: 'EUR',\n  currencyTo: 'INR',\n  amountSell: 1000,\n  amountBuy: 747.1,\n  rate: 0.7471,\n  timePlaced: '20-FEB-15 10:27:44',\n  originatingCountry: 'IN' }","time":"2015-02-14T12:15:13.574Z","v":0}
{"name":"trade-processor","hostname":"Yekkanti-2.local","pid":45462,"level":30,"msg":"Trying to fetch es client for undefined","time":"2015-02-14T12:15:13.575Z","v":0}
{"name":"trade-processor","hostname":"Yekkanti-2.local","pid":45462,"level":30,"msg":"inserted trade hash  { userId: '123456',\n  currencyFrom: 'EUR',\n  currencyTo: 'INR',\n  amountSell: 1000,\n  amountBuy: 747.1,\n  rate: 0.7471,\n  timePlaced: '20-FEB-15 10:27:44',\n  originatingCountry: 'IN',\n  createdAt: '20150220102744' }","time":"2015-02-14T12:15:13.585Z","v":0}
{"name":"trade-processor","hostname":"Yekkanti-2.local","pid":45712,"level":30,"msg":"Trying to fetch es client for undefined","time":"2015-02-14T12:16:37.904Z","v":0}
{"name":"trade-processor","hostname":"Yekkanti-2.local","pid":45712,"level":30,"msg":"Got request to save a trade","time":"2015-02-14T12:20:28.492Z","v":0}
{"name":"trade-processor","hostname":"Yekkanti-2.local","pid":45712,"level":30,"msg":"request for saving  { userId: '123456',\n  currencyFrom: 'EUR',\n  currencyTo: 'INR',\n  amountSell: 1000,\n  amountBuy: 747.1,\n  rate: 0.7471,\n  timePlaced: '20-MAR-15 10:27:44',\n  originatingCountry: 'IN' }","time":"2015-02-14T12:20:28.494Z","v":0}
{"name":"trade-processor","hostname":"Yekkanti-2.local","pid":45712,"level":30,"msg":"Trying to fetch es client for undefined","time":"2015-02-14T12:20:28.501Z","v":0}
{"name":"trade-processor","hostname":"Yekkanti-2.local","pid":45712,"level":30,"msg":"inserted trade hash  { userId: '123456',\n  currencyFrom: 'EUR',\n  currencyTo: 'INR',\n  amountSell: 1000,\n  amountBuy: 747.1,\n  rate: 0.7471,\n  timePlaced: '20-MAR-15 10:27:44',\n  originatingCountry: 'IN',\n  createdAt: '20150320102744' }","time":"2015-02-14T12:20:28.523Z","v":0}
{"name":"trade-processor","hostname":"Yekkanti-2.local","pid":46005,"level":30,"msg":"Got request to save a trade","time":"2015-02-14T12:21:21.559Z","v":0}
{"name":"trade-processor","hostname":"Yekkanti-2.local","pid":46005,"level":30,"msg":"request for saving  { userId: '123456',\n  currencyFrom: 'EUR',\n  currencyTo: 'INR',\n  amountSell: 1000,\n  amountBuy: 747.1,\n  rate: 0.7471,\n  timePlaced: '20-APR-15 10:27:44',\n  originatingCountry: 'IN' }","time":"2015-02-14T12:21:21.563Z","v":0}
{"name":"trade-processor","hostname":"Yekkanti-2.local","pid":46005,"level":30,"msg":"Trying to fetch es client for undefined","time":"2015-02-14T12:21:21.573Z","v":0}
{"name":"trade-processor","hostname":"Yekkanti-2.local","pid":46005,"level":50,"msg":"Error in saving the doc  { message: 'MapperParsingException[failed to parse [createdAt]]; nested: MapperParsingException[failed to parse date field [20150420T102744], tried both date format [dateOptionalTime], and timestamp number with locale []]; nested: IllegalArgumentException[Invalid format: \"20150420T102744\" is malformed at \"2744\"]; ' }","time":"2015-02-14T12:21:21.641Z","v":0}
{"name":"trade-processor","hostname":"Yekkanti-2.local","pid":46054,"level":30,"msg":"Got request to save a trade","time":"2015-02-14T12:21:57.596Z","v":0}
{"name":"trade-processor","hostname":"Yekkanti-2.local","pid":46054,"level":30,"msg":"request for saving  { userId: '123456',\n  currencyFrom: 'EUR',\n  currencyTo: 'INR',\n  amountSell: 1000,\n  amountBuy: 747.1,\n  rate: 0.7471,\n  timePlaced: '20-APR-15 10:27:44',\n  originatingCountry: 'IN' }","time":"2015-02-14T12:21:57.601Z","v":0}
{"name":"trade-processor","hostname":"Yekkanti-2.local","pid":46054,"level":30,"msg":"Trying to fetch es client for undefined","time":"2015-02-14T12:21:57.610Z","v":0}
{"name":"trade-processor","hostname":"Yekkanti-2.local","pid":46054,"level":50,"msg":"Error in saving the doc  { message: 'MapperParsingException[failed to parse [createdAt]]; nested: MapperParsingException[failed to parse date field [20150420\\'T\\'102744], tried both date format [dateOptionalTime], and timestamp number with locale []]; nested: IllegalArgumentException[Invalid format: \"20150420\\'T\\'102744\" is malformed at \"\\'T\\'102744\"]; ' }","time":"2015-02-14T12:21:57.638Z","v":0}
{"name":"trade-processor","hostname":"Yekkanti-2.local","pid":46339,"level":30,"msg":"Got request to save a trade","time":"2015-02-14T12:27:18.222Z","v":0}
{"name":"trade-processor","hostname":"Yekkanti-2.local","pid":46339,"level":30,"msg":"request for saving  { userId: '123456',\n  currencyFrom: 'EUR',\n  currencyTo: 'INR',\n  amountSell: 1000,\n  amountBuy: 747.1,\n  rate: 0.7471,\n  timePlaced: '20-APR-15 10:27:44',\n  originatingCountry: 'IN' }","time":"2015-02-14T12:27:18.226Z","v":0}
{"name":"trade-processor","hostname":"Yekkanti-2.local","pid":46339,"level":30,"msg":"Trying to fetch es client for undefined","time":"2015-02-14T12:27:18.237Z","v":0}
{"name":"trade-processor","hostname":"Yekkanti-2.local","pid":46339,"level":30,"msg":"inserted trade hash  { userId: '123456',\n  currencyFrom: 'EUR',\n  currencyTo: 'INR',\n  amountSell: 1000,\n  amountBuy: 747.1,\n  rate: 0.7471,\n  timePlaced: '20-APR-15 10:27:44',\n  originatingCountry: 'IN',\n  createdOn: '20150420' }","time":"2015-02-14T12:27:18.292Z","v":0}
{"name":"trade-processor","hostname":"Yekkanti-2.local","pid":46339,"level":30,"msg":"Got request to save a trade","time":"2015-02-14T12:27:23.430Z","v":0}
{"name":"trade-processor","hostname":"Yekkanti-2.local","pid":46339,"level":30,"msg":"request for saving  { userId: '123456',\n  currencyFrom: 'EUR',\n  currencyTo: 'INR',\n  amountSell: 1000,\n  amountBuy: 747.1,\n  rate: 0.7471,\n  timePlaced: '20-MAR-15 10:27:44',\n  originatingCountry: 'IN' }","time":"2015-02-14T12:27:23.430Z","v":0}
{"name":"trade-processor","hostname":"Yekkanti-2.local","pid":46339,"level":30,"msg":"Trying to fetch es client for undefined","time":"2015-02-14T12:27:23.431Z","v":0}
{"name":"trade-processor","hostname":"Yekkanti-2.local","pid":46339,"level":30,"msg":"inserted trade hash  { userId: '123456',\n  currencyFrom: 'EUR',\n  currencyTo: 'INR',\n  amountSell: 1000,\n  amountBuy: 747.1,\n  rate: 0.7471,\n  timePlaced: '20-MAR-15 10:27:44',\n  originatingCountry: 'IN',\n  createdOn: '20150320' }","time":"2015-02-14T12:27:23.441Z","v":0}
{"name":"trade-processor","hostname":"Yekkanti-2.local","pid":46728,"level":30,"msg":"Trying to fetch es client for undefined","time":"2015-02-14T12:32:26.991Z","v":0}
{"name":"trade-processor","hostname":"Yekkanti-2.local","pid":46777,"level":30,"msg":"Trying to fetch es client for undefined","time":"2015-02-14T12:33:06.250Z","v":0}
{"name":"trade-processor","hostname":"Yekkanti-2.local","pid":47333,"level":30,"msg":"Trying to fetch es client for undefined","time":"2015-02-14T12:40:46.848Z","v":0}
{"name":"trade-processor","hostname":"Yekkanti-2.local","pid":47374,"level":30,"msg":"Trying to fetch es client for undefined","time":"2015-02-14T12:41:20.418Z","v":0}
{"name":"trade-processor","hostname":"Yekkanti-2.local","pid":47410,"level":30,"msg":"Trying to fetch es client for undefined","time":"2015-02-14T12:41:46.932Z","v":0}
{"name":"trade-processor","hostname":"Yekkanti-2.local","pid":47550,"level":30,"msg":"Trying to fetch es client for undefined","time":"2015-02-14T12:43:57.303Z","v":0}
{"name":"trade-processor","hostname":"Yekkanti-2.local","pid":47550,"level":30,"msg":"Trying to fetch es client for undefined","time":"2015-02-14T12:44:29.055Z","v":0}
{"name":"trade-processor","hostname":"Yekkanti-2.local","pid":47550,"level":30,"msg":"Got request to save a trade","time":"2015-02-14T12:44:44.594Z","v":0}
{"name":"trade-processor","hostname":"Yekkanti-2.local","pid":47550,"level":30,"msg":"request for saving  { userId: '123456',\n  currencyFrom: 'EUR',\n  currencyTo: 'INR',\n  amountSell: 1000,\n  amountBuy: 747.1,\n  rate: 0.7471,\n  timePlaced: '20-FEB-15 10:27:44',\n  originatingCountry: 'IN' }","time":"2015-02-14T12:44:44.596Z","v":0}
{"name":"trade-processor","hostname":"Yekkanti-2.local","pid":47550,"level":30,"msg":"Trying to fetch es client for undefined","time":"2015-02-14T12:44:44.608Z","v":0}
{"name":"trade-processor","hostname":"Yekkanti-2.local","pid":47550,"level":30,"msg":"inserted trade hash  { userId: '123456',\n  currencyFrom: 'EUR',\n  currencyTo: 'INR',\n  amountSell: 1000,\n  amountBuy: 747.1,\n  rate: 0.7471,\n  timePlaced: '20-FEB-15 10:27:44',\n  originatingCountry: 'IN',\n  createdOn: '20150220' }","time":"2015-02-14T12:44:44.632Z","v":0}
{"name":"trade-processor","hostname":"Yekkanti-2.local","pid":47550,"level":30,"msg":"Got request to save a trade","time":"2015-02-14T12:44:50.829Z","v":0}
{"name":"trade-processor","hostname":"Yekkanti-2.local","pid":47550,"level":30,"msg":"request for saving  { userId: '123456',\n  currencyFrom: 'EUR',\n  currencyTo: 'INR',\n  amountSell: 1000,\n  amountBuy: 747.1,\n  rate: 0.7471,\n  timePlaced: '20-JAN-15 10:27:44',\n  originatingCountry: 'IN' }","time":"2015-02-14T12:44:50.829Z","v":0}
{"name":"trade-processor","hostname":"Yekkanti-2.local","pid":47550,"level":30,"msg":"Trying to fetch es client for undefined","time":"2015-02-14T12:44:50.830Z","v":0}
{"name":"trade-processor","hostname":"Yekkanti-2.local","pid":47550,"level":30,"msg":"inserted trade hash  { userId: '123456',\n  currencyFrom: 'EUR',\n  currencyTo: 'INR',\n  amountSell: 1000,\n  amountBuy: 747.1,\n  rate: 0.7471,\n  timePlaced: '20-JAN-15 10:27:44',\n  originatingCountry: 'IN',\n  createdOn: '20150120' }","time":"2015-02-14T12:44:50.834Z","v":0}
{"name":"trade-processor","hostname":"Yekkanti-2.local","pid":47550,"level":30,"msg":"Trying to fetch es client for undefined","time":"2015-02-14T12:44:56.105Z","v":0}
{"name":"trade-processor","hostname":"Yekkanti-2.local","pid":47550,"level":30,"msg":"Trying to fetch es client for undefined","time":"2015-02-14T12:45:02.482Z","v":0}
{"name":"trade-processor","hostname":"Yekkanti-2.local","pid":47550,"level":30,"msg":"Trying to fetch es client for undefined","time":"2015-02-14T12:45:07.245Z","v":0}
{"name":"trade-processor","hostname":"Yekkanti-2.local","pid":47550,"level":30,"msg":"Got request to save a trade","time":"2015-02-14T12:45:53.746Z","v":0}
{"name":"trade-processor","hostname":"Yekkanti-2.local","pid":47550,"level":30,"msg":"request for saving  { userId: '123456',\n  currencyFrom: 'EUR',\n  currencyTo: 'INR',\n  amountSell: 1000,\n  amountBuy: 747.1,\n  rate: 0.7471,\n  timePlaced: '20-FEB-16 10:27:44',\n  originatingCountry: 'IN' }","time":"2015-02-14T12:45:53.747Z","v":0}
{"name":"trade-processor","hostname":"Yekkanti-2.local","pid":47550,"level":30,"msg":"Trying to fetch es client for undefined","time":"2015-02-14T12:45:53.748Z","v":0}
{"name":"trade-processor","hostname":"Yekkanti-2.local","pid":47550,"level":30,"msg":"inserted trade hash  { userId: '123456',\n  currencyFrom: 'EUR',\n  currencyTo: 'INR',\n  amountSell: 1000,\n  amountBuy: 747.1,\n  rate: 0.7471,\n  timePlaced: '20-FEB-16 10:27:44',\n  originatingCountry: 'IN',\n  createdOn: '20160220' }","time":"2015-02-14T12:45:53.752Z","v":0}
{"name":"trade-processor","hostname":"Yekkanti-2.local","pid":47550,"level":30,"msg":"Got request to save a trade","time":"2015-02-14T12:46:00.252Z","v":0}
{"name":"trade-processor","hostname":"Yekkanti-2.local","pid":47550,"level":30,"msg":"request for saving  { userId: '123456',\n  currencyFrom: 'EUR',\n  currencyTo: 'INR',\n  amountSell: 1000,\n  amountBuy: 747.1,\n  rate: 0.7471,\n  timePlaced: '20-FEB-17 10:27:44',\n  originatingCountry: 'IN' }","time":"2015-02-14T12:46:00.252Z","v":0}
{"name":"trade-processor","hostname":"Yekkanti-2.local","pid":47550,"level":30,"msg":"Trying to fetch es client for undefined","time":"2015-02-14T12:46:00.254Z","v":0}
{"name":"trade-processor","hostname":"Yekkanti-2.local","pid":47550,"level":30,"msg":"inserted trade hash  { userId: '123456',\n  currencyFrom: 'EUR',\n  currencyTo: 'INR',\n  amountSell: 1000,\n  amountBuy: 747.1,\n  rate: 0.7471,\n  timePlaced: '20-FEB-17 10:27:44',\n  originatingCountry: 'IN',\n  createdOn: '20170220' }","time":"2015-02-14T12:46:00.259Z","v":0}
{"name":"trade-processor","hostname":"Yekkanti-2.local","pid":47550,"level":30,"msg":"Got request to save a trade","time":"2015-02-14T12:46:01.002Z","v":0}
{"name":"trade-processor","hostname":"Yekkanti-2.local","pid":47550,"level":30,"msg":"request for saving  { userId: '123456',\n  currencyFrom: 'EUR',\n  currencyTo: 'INR',\n  amountSell: 1000,\n  amountBuy: 747.1,\n  rate: 0.7471,\n  timePlaced: '20-FEB-17 10:27:44',\n  originatingCountry: 'IN' }","time":"2015-02-14T12:46:01.002Z","v":0}
{"name":"trade-processor","hostname":"Yekkanti-2.local","pid":47550,"level":30,"msg":"Trying to fetch es client for undefined","time":"2015-02-14T12:46:01.002Z","v":0}
{"name":"trade-processor","hostname":"Yekkanti-2.local","pid":47550,"level":30,"msg":"inserted trade hash  { userId: '123456',\n  currencyFrom: 'EUR',\n  currencyTo: 'INR',\n  amountSell: 1000,\n  amountBuy: 747.1,\n  rate: 0.7471,\n  timePlaced: '20-FEB-17 10:27:44',\n  originatingCountry: 'IN',\n  createdOn: '20170220' }","time":"2015-02-14T12:46:01.014Z","v":0}
{"name":"trade-processor","hostname":"Yekkanti-2.local","pid":47550,"level":30,"msg":"Got request to save a trade","time":"2015-02-14T12:46:01.534Z","v":0}
{"name":"trade-processor","hostname":"Yekkanti-2.local","pid":47550,"level":30,"msg":"request for saving  { userId: '123456',\n  currencyFrom: 'EUR',\n  currencyTo: 'INR',\n  amountSell: 1000,\n  amountBuy: 747.1,\n  rate: 0.7471,\n  timePlaced: '20-FEB-17 10:27:44',\n  originatingCountry: 'IN' }","time":"2015-02-14T12:46:01.535Z","v":0}
{"name":"trade-processor","hostname":"Yekkanti-2.local","pid":47550,"level":30,"msg":"Trying to fetch es client for undefined","time":"2015-02-14T12:46:01.538Z","v":0}
{"name":"trade-processor","hostname":"Yekkanti-2.local","pid":47550,"level":30,"msg":"inserted trade hash  { userId: '123456',\n  currencyFrom: 'EUR',\n  currencyTo: 'INR',\n  amountSell: 1000,\n  amountBuy: 747.1,\n  rate: 0.7471,\n  timePlaced: '20-FEB-17 10:27:44',\n  originatingCountry: 'IN',\n  createdOn: '20170220' }","time":"2015-02-14T12:46:01.546Z","v":0}
{"name":"trade-processor","hostname":"Yekkanti-2.local","pid":47550,"level":30,"msg":"Got request to save a trade","time":"2015-02-14T12:46:02.041Z","v":0}
{"name":"trade-processor","hostname":"Yekkanti-2.local","pid":47550,"level":30,"msg":"request for saving  { userId: '123456',\n  currencyFrom: 'EUR',\n  currencyTo: 'INR',\n  amountSell: 1000,\n  amountBuy: 747.1,\n  rate: 0.7471,\n  timePlaced: '20-FEB-17 10:27:44',\n  originatingCountry: 'IN' }","time":"2015-02-14T12:46:02.041Z","v":0}
{"name":"trade-processor","hostname":"Yekkanti-2.local","pid":47550,"level":30,"msg":"Trying to fetch es client for undefined","time":"2015-02-14T12:46:02.042Z","v":0}
{"name":"trade-processor","hostname":"Yekkanti-2.local","pid":47550,"level":30,"msg":"inserted trade hash  { userId: '123456',\n  currencyFrom: 'EUR',\n  currencyTo: 'INR',\n  amountSell: 1000,\n  amountBuy: 747.1,\n  rate: 0.7471,\n  timePlaced: '20-FEB-17 10:27:44',\n  originatingCountry: 'IN',\n  createdOn: '20170220' }","time":"2015-02-14T12:46:02.051Z","v":0}
{"name":"trade-processor","hostname":"Yekkanti-2.local","pid":47550,"level":30,"msg":"Trying to fetch es client for undefined","time":"2015-02-14T12:46:05.224Z","v":0}
{"name":"trade-processor","hostname":"Yekkanti-2.local","pid":47734,"level":30,"msg":"Trying to fetch es client for undefined","time":"2015-02-14T12:46:43.040Z","v":0}
{"name":"trade-processor","hostname":"Yekkanti-2.local","pid":47756,"level":30,"msg":"Trying to fetch es client for undefined","time":"2015-02-14T12:47:09.555Z","v":0}
